Start testing: Mar 20 12:12 UTC
----------------------------------------------------------
1/1 Testing: gtests
1/1 Test: gtests
Command: "/home/stud/src/SSA_Mai/lab_01/build/gtests"
Directory: /home/stud/src/SSA_Mai/lab_01/build
"gtests" start time: Mar 20 12:12 UTC
Output:
----------------------------------------------------------
[==========] Running 2 tests from 2 test suites.
[----------] Global test environment set-up.
[----------] 1 test from test_basic
[ RUN      ] test_basic.basic_test_set
[       OK ] test_basic.basic_test_set (0 ms)
[----------] 1 test from test_basic (0 ms total)

[----------] 1 test from test_int
[ RUN      ] test_int.basic_test_set
[       OK ] test_int.basic_test_set (0 ms)
[----------] 1 test from test_int (0 ms total)

[----------] Global test environment tear-down
[==========] 2 tests from 2 test suites ran. (0 ms total)
[  PASSED  ] 2 tests.
<end of output>
Test time =   0.00 sec
----------------------------------------------------------
Test Passed.
"gtests" end time: Mar 20 12:12 UTC
"gtests" time elapsed: 00:00:00
----------------------------------------------------------

End testing: Mar 20 12:12 UTC
